<?xml version="1.0" encoding="UTF-8"?>
<testng-results ignored="0" total="1" passed="1" failed="0" skipped="0">
  <reporter-output>
  </reporter-output>
  <suite started-at="2022-11-18T15:17:50 IST" name="Default suite" finished-at="2022-11-18T15:18:00 IST" duration-ms="10467">
    <groups>
    </groups>
    <test started-at="2022-11-18T15:17:50 IST" name="Default test" finished-at="2022-11-18T15:18:00 IST" duration-ms="10467">
      <class name="com.testNg.ZohotestNg">
        <test-method is-config="true" signature="browserSetUp()[pri:0, instance:com.testNg.ZohotestNg@21e360a]" started-at="2022-11-18T15:17:50 IST" name="browserSetUp" finished-at="2022-11-18T15:17:53 IST" duration-ms="2437" status="PASS">
          <reporter-output>
          </reporter-output>
        </test-method> <!-- browserSetUp -->
        <test-method is-config="true" signature="urlLaunch()[pri:0, instance:com.testNg.ZohotestNg@21e360a]" started-at="2022-11-18T15:17:53 IST" name="urlLaunch" finished-at="2022-11-18T15:17:57 IST" duration-ms="4005" status="PASS">
          <reporter-output>
          </reporter-output>
        </test-method> <!-- urlLaunch -->
        <test-method signature="userName()[pri:0, instance:com.testNg.ZohotestNg@21e360a]" started-at="2022-11-18T15:17:57 IST" name="userName" finished-at="2022-11-18T15:18:00 IST" duration-ms="3760" status="PASS">
          <reporter-output>
          </reporter-output>
        </test-method> <!-- userName -->
        <test-method is-config="true" signature="urlClose()[pri:0, instance:com.testNg.ZohotestNg@21e360a]" started-at="2022-11-18T15:18:00 IST" name="urlClose" finished-at="2022-11-18T15:18:00 IST" duration-ms="81" status="PASS">
          <reporter-output>
          </reporter-output>
        </test-method> <!-- urlClose -->
        <test-method is-config="true" signature="browserclose()[pri:0, instance:com.testNg.ZohotestNg@21e360a]" started-at="2022-11-18T15:18:00 IST" name="browserclose" finished-at="2022-11-18T15:18:00 IST" duration-ms="116" status="PASS">
          <reporter-output>
          </reporter-output>
        </test-method> <!-- browserclose -->
      </class> <!-- com.testNg.ZohotestNg -->
    </test> <!-- Default test -->
  </suite> <!-- Default suite -->
</testng-results>
